INFO  Validating config
INFO  Start processing
INFO  Files loaded in 361 ms
hexo,hexo-theme,hexo-blog
hexo,hexo-theme,hexo-blog
hexo,hexo-theme,hexo-blog
hexo,hexo-theme,hexo-blog
hexo,hexo-theme,hexo-blog
hexo,hexo-theme,hexo-blog
hexo,hexo-theme,hexo-blog
hexo,hexo-theme,hexo-blog
hexo,hexo-theme,hexo-blog
INFO  0 files generated in 117 ms
INFO  Hexo is watching for file changes. Press Ctrl+C to exit.
INFO  Catch you later
INFO  Validating config
INFO  Start processing
INFO  Files loaded in 371 ms
hexo,hexo-theme,hexo-blog
hexo,hexo-theme,hexo-blog
hexo,hexo-theme,hexo-blog
hexo,hexo-theme,hexo-blog
hexo,hexo-theme,hexo-blog
hexo,hexo-theme,hexo-blog
hexo,hexo-theme,hexo-blog
hexo,hexo-theme,hexo-blog
hexo,hexo-theme,hexo-blog
INFO  0 files generated in 119 ms
INFO  Hexo is watching for file changes. Press Ctrl+C to exit.
hexo,hexo-theme,hexo-blog
hexo,hexo-theme,hexo-blog
hexo,hexo-theme,hexo-blog
hexo,hexo-theme,hexo-blog
hexo,hexo-theme,hexo-blog
hexo,hexo-theme,hexo-blog
hexo,hexo-theme,hexo-blog
hexo,hexo-theme,hexo-blog
hexo,hexo-theme,hexo-blog
INFO  Generated: content.json
INFO  Generated: archives/index.html
INFO  Generated: archives/2020/index.html
INFO  Generated: archives/2020/08/index.html
INFO  Generated: index.html
INFO  Generated: tags/web/index.html
INFO  Generated: 2020/08/11/gitbook的搭建/index.html
hexo,hexo-theme,hexo-blog
hexo,hexo-theme,hexo-blog
hexo,hexo-theme,hexo-blog
hexo,hexo-theme,hexo-blog
hexo,hexo-theme,hexo-blog
hexo,hexo-theme,hexo-blog
hexo,hexo-theme,hexo-blog
hexo,hexo-theme,hexo-blog
hexo,hexo-theme,hexo-blog
INFO  Generated: content.json
INFO  Generated: 2020/08/11/gitbook的搭建/index.html
hexo,hexo-theme,hexo-blog
hexo,hexo-theme,hexo-blog
hexo,hexo-theme,hexo-blog
hexo,hexo-theme,hexo-blog
hexo,hexo-theme,hexo-blog
hexo,hexo-theme,hexo-blog
hexo,hexo-theme,hexo-blog
hexo,hexo-theme,hexo-blog
hexo,hexo-theme,hexo-blog
INFO  Generated: content.json
INFO  Generated: 2020/08/11/通过Apache部署gitbook静态网页/index.html
INFO  Generated: 2020/08/11/gitbook的搭建/index.html
INFO  Generated: 2020/07/30/hello-world/index.html
INFO  Generated: archives/index.html
INFO  Generated: archives/2020/index.html
INFO  Generated: archives/2020/07/index.html
INFO  Generated: archives/2020/08/index.html
INFO  Generated: index.html
INFO  Generated: tags/web/index.html
hexo,hexo-theme,hexo-blog
hexo,hexo-theme,hexo-blog
hexo,hexo-theme,hexo-blog
hexo,hexo-theme,hexo-blog
hexo,hexo-theme,hexo-blog
hexo,hexo-theme,hexo-blog
hexo,hexo-theme,hexo-blog
hexo,hexo-theme,hexo-blog
hexo,hexo-theme,hexo-blog
INFO  Generated: content.json
INFO  Generated: 2020/08/11/gitbook的搭建/index.html
hexo,hexo-theme,hexo-blog
hexo,hexo-theme,hexo-blog
hexo,hexo-theme,hexo-blog
hexo,hexo-theme,hexo-blog
hexo,hexo-theme,hexo-blog
hexo,hexo-theme,hexo-blog
hexo,hexo-theme,hexo-blog
hexo,hexo-theme,hexo-blog
hexo,hexo-theme,hexo-blog
INFO  Generated: content.json
INFO  Generated: 2020/08/11/gitbook的搭建/index.html
hexo,hexo-theme,hexo-blog
hexo,hexo-theme,hexo-blog
hexo,hexo-theme,hexo-blog
hexo,hexo-theme,hexo-blog
hexo,hexo-theme,hexo-blog
hexo,hexo-theme,hexo-blog
hexo,hexo-theme,hexo-blog
hexo,hexo-theme,hexo-blog
hexo,hexo-theme,hexo-blog
INFO  Generated: content.json
INFO  Generated: 2020/08/11/通过Apache部署gitbook静态网页/index.html
INFO  Generated: 2020/07/30/hello-world/index.html
INFO  Generated: archives/index.html
INFO  Generated: archives/2020/index.html
INFO  Generated: archives/2020/07/index.html
INFO  Generated: archives/2020/08/index.html
INFO  Generated: index.html
INFO  Generated: tags/web/index.html
INFO  Generated: 2020/08/11/gitbook的搭建/index.html
hexo,hexo-theme,hexo-blog
hexo,hexo-theme,hexo-blog
hexo,hexo-theme,hexo-blog
hexo,hexo-theme,hexo-blog
hexo,hexo-theme,hexo-blog
hexo,hexo-theme,hexo-blog
hexo,hexo-theme,hexo-blog
hexo,hexo-theme,hexo-blog
hexo,hexo-theme,hexo-blog
INFO  Generated: content.json
INFO  Generated: 2020/08/11/gitbook的搭建/index.html
hexo,hexo-theme,hexo-blog
hexo,hexo-theme,hexo-blog
hexo,hexo-theme,hexo-blog
hexo,hexo-theme,hexo-blog
hexo,hexo-theme,hexo-blog
hexo,hexo-theme,hexo-blog
hexo,hexo-theme,hexo-blog
hexo,hexo-theme,hexo-blog
hexo,hexo-theme,hexo-blog
INFO  Generated: content.json
INFO  Generated: archives/index.html
INFO  Generated: archives/2020/index.html
INFO  Generated: archives/2020/08/index.html
INFO  Generated: index.html
INFO  Generated: tags/web/index.html
INFO  Generated: 2020/08/11/gitbook的搭建/index.html
hexo,hexo-theme,hexo-blog
hexo,hexo-theme,hexo-blog
hexo,hexo-theme,hexo-blog
hexo,hexo-theme,hexo-blog
hexo,hexo-theme,hexo-blog
hexo,hexo-theme,hexo-blog
hexo,hexo-theme,hexo-blog
hexo,hexo-theme,hexo-blog
hexo,hexo-theme,hexo-blog
INFO  Generated: content.json
INFO  Generated: 2020/08/11/通过Apache部署gitbook静态网页/index.html
INFO  Generated: 2020/08/11/gitbook的搭建/index.html
INFO  Generated: 2020/07/30/hello-world/index.html
INFO  Generated: archives/index.html
INFO  Generated: archives/2020/index.html
INFO  Generated: archives/2020/07/index.html
INFO  Generated: archives/2020/08/index.html
INFO  Generated: index.html
INFO  Generated: tags/web/index.html
INFO  Deleted: tags/web/index.html
hexo,hexo-theme,hexo-blog
hexo,hexo-theme,hexo-blog
hexo,hexo-theme,hexo-blog
hexo,hexo-theme,hexo-blog
hexo,hexo-theme,hexo-blog
hexo,hexo-theme,hexo-blog
hexo,hexo-theme,hexo-blog
hexo,hexo-theme,hexo-blog
INFO  Generated: content.json
INFO  Generated: 2020/08/11/通过Apache部署gitbook静态网页/index.html
INFO  Generated: 2020/08/11/gitbook的搭建/index.html
INFO  Generated: 2020/07/30/hello-world/index.html
INFO  Generated: archives/index.html
INFO  Generated: archives/2020/index.html
INFO  Generated: archives/2020/07/index.html
INFO  Generated: archives/2020/08/index.html
INFO  Generated: index.html
hexo,hexo-theme,hexo-blog
hexo,hexo-theme,hexo-blog
hexo,hexo-theme,hexo-blog
hexo,hexo-theme,hexo-blog
hexo,hexo-theme,hexo-blog
hexo,hexo-theme,hexo-blog
hexo,hexo-theme,hexo-blog
hexo,hexo-theme,hexo-blog
INFO  Generated: content.json
INFO  Generated: 2020/08/11/通过Apache部署gitbook静态网页/index.html
hexo,hexo-theme,hexo-blog
hexo,hexo-theme,hexo-blog
hexo,hexo-theme,hexo-blog
hexo,hexo-theme,hexo-blog
hexo,hexo-theme,hexo-blog
hexo,hexo-theme,hexo-blog
hexo,hexo-theme,hexo-blog
hexo,hexo-theme,hexo-blog
INFO  Generated: index.html
hexo,hexo-theme,hexo-blog
hexo,hexo-theme,hexo-blog
hexo,hexo-theme,hexo-blog
hexo,hexo-theme,hexo-blog
hexo,hexo-theme,hexo-blog
hexo,hexo-theme,hexo-blog
hexo,hexo-theme,hexo-blog
hexo,hexo-theme,hexo-blog
INFO  Generated: index.html
hexo,hexo-theme,hexo-blog
hexo,hexo-theme,hexo-blog
hexo,hexo-theme,hexo-blog
hexo,hexo-theme,hexo-blog
hexo,hexo-theme,hexo-blog
hexo,hexo-theme,hexo-blog
hexo,hexo-theme,hexo-blog
hexo,hexo-theme,hexo-blog
hexo,hexo-theme,hexo-blog
hexo,hexo-theme,hexo-blog
hexo,hexo-theme,hexo-blog
hexo,hexo-theme,hexo-blog
hexo,hexo-theme,hexo-blog
hexo,hexo-theme,hexo-blog
hexo,hexo-theme,hexo-blog
hexo,hexo-theme,hexo-blog
INFO  Generated: 2020/08/11/通过Apache部署gitbook静态网页/index.html
INFO  Generated: 2020/08/11/gitbook的搭建/index.html
INFO  Generated: 2020/07/30/hello-world/index.html
hexo,hexo-theme,hexo-blog
hexo,hexo-theme,hexo-blog
hexo,hexo-theme,hexo-blog
hexo,hexo-theme,hexo-blog
hexo,hexo-theme,hexo-blog
hexo,hexo-theme,hexo-blog
hexo,hexo-theme,hexo-blog
hexo,hexo-theme,hexo-blog
hexo,hexo-theme,hexo-blog
INFO  Generated: content.json
INFO  Generated: 2020/08/11/hexo-deployment/index.html
INFO  Generated: 2020/08/11/通过Apache部署gitbook静态网页/index.html
INFO  Generated: 2020/08/11/gitbook的搭建/index.html
INFO  Generated: 2020/07/30/hello-world/index.html
INFO  Generated: archives/index.html
INFO  Generated: archives/2020/index.html
INFO  Generated: archives/2020/07/index.html
INFO  Generated: archives/2020/08/index.html
INFO  Generated: index.html
hexo,hexo-theme,hexo-blog
hexo,hexo-theme,hexo-blog
hexo,hexo-theme,hexo-blog
hexo,hexo-theme,hexo-blog
hexo,hexo-theme,hexo-blog
hexo,hexo-theme,hexo-blog
hexo,hexo-theme,hexo-blog
hexo,hexo-theme,hexo-blog
hexo,hexo-theme,hexo-blog
INFO  Generated: images/hexo_test.png
hexo,hexo-theme,hexo-blog
hexo,hexo-theme,hexo-blog
hexo,hexo-theme,hexo-blog
hexo,hexo-theme,hexo-blog
hexo,hexo-theme,hexo-blog
hexo,hexo-theme,hexo-blog
hexo,hexo-theme,hexo-blog
hexo,hexo-theme,hexo-blog
hexo,hexo-theme,hexo-blog
INFO  Generated: images/hexo_defaut.png
hexo,hexo-theme,hexo-blog
hexo,hexo-theme,hexo-blog
hexo,hexo-theme,hexo-blog
hexo,hexo-theme,hexo-blog
hexo,hexo-theme,hexo-blog
hexo,hexo-theme,hexo-blog
hexo,hexo-theme,hexo-blog
hexo,hexo-theme,hexo-blog
hexo,hexo-theme,hexo-blog
INFO  Generated: images/hexo_defaut.png
hexo,hexo-theme,hexo-blog
hexo,hexo-theme,hexo-blog
hexo,hexo-theme,hexo-blog
hexo,hexo-theme,hexo-blog
hexo,hexo-theme,hexo-blog
hexo,hexo-theme,hexo-blog
hexo,hexo-theme,hexo-blog
hexo,hexo-theme,hexo-blog
hexo,hexo-theme,hexo-blog
INFO  Generated: images/hexo_defaut.png
hexo,hexo-theme,hexo-blog
hexo,hexo-theme,hexo-blog
hexo,hexo-theme,hexo-blog
hexo,hexo-theme,hexo-blog
hexo,hexo-theme,hexo-blog
hexo,hexo-theme,hexo-blog
hexo,hexo-theme,hexo-blog
hexo,hexo-theme,hexo-blog
hexo,hexo-theme,hexo-blog
INFO  Generated: images/hexo_defaut.png
hexo,hexo-theme,hexo-blog
hexo,hexo-theme,hexo-blog
hexo,hexo-theme,hexo-blog
hexo,hexo-theme,hexo-blog
hexo,hexo-theme,hexo-blog
hexo,hexo-theme,hexo-blog
hexo,hexo-theme,hexo-blog
hexo,hexo-theme,hexo-blog
hexo,hexo-theme,hexo-blog
hexo,hexo-theme,hexo-blog
hexo,hexo-theme,hexo-blog
hexo,hexo-theme,hexo-blog
hexo,hexo-theme,hexo-blog
hexo,hexo-theme,hexo-blog
hexo,hexo-theme,hexo-blog
hexo,hexo-theme,hexo-blog
hexo,hexo-theme,hexo-blog
hexo,hexo-theme,hexo-blog
hexo,hexo-theme,hexo-blog
hexo,hexo-theme,hexo-blog
INFO  Generated: content.json
INFO  Generated: tags/hexo/index.html
INFO  Generated: tags/nginx/index.html
INFO  Generated: 2020/08/11/hexo-deployment/index.html
INFO  Generated: 2020/08/11/通过Apache部署gitbook静态网页/index.html
INFO  Generated: 2020/08/11/gitbook的搭建/index.html
INFO  Generated: 2020/07/30/hello-world/index.html
INFO  Generated: archives/index.html
INFO  Generated: archives/2020/index.html
INFO  Generated: archives/2020/07/index.html
INFO  Generated: archives/2020/08/index.html
INFO  Generated: index.html
hexo,hexo-theme,hexo-blog
hexo,hexo-theme,hexo-blog
hexo,hexo-theme,hexo-blog
hexo,hexo-theme,hexo-blog
hexo,hexo-theme,hexo-blog
hexo,hexo-theme,hexo-blog
hexo,hexo-theme,hexo-blog
hexo,hexo-theme,hexo-blog
hexo,hexo-theme,hexo-blog
hexo,hexo-theme,hexo-blog
hexo,hexo-theme,hexo-blog
INFO  Generated: content.json
INFO  Generated: 2020/08/11/hexo-deployment/index.html
hexo,hexo-theme,hexo-blog
hexo,hexo-theme,hexo-blog
hexo,hexo-theme,hexo-blog
hexo,hexo-theme,hexo-blog
hexo,hexo-theme,hexo-blog
hexo,hexo-theme,hexo-blog
hexo,hexo-theme,hexo-blog
hexo,hexo-theme,hexo-blog
hexo,hexo-theme,hexo-blog
hexo,hexo-theme,hexo-blog
hexo,hexo-theme,hexo-blog
INFO  Generated: content.json
INFO  Generated: 2020/08/11/hexo-deployment/index.html
hexo,hexo-theme,hexo-blog
hexo,hexo-theme,hexo-blog
hexo,hexo-theme,hexo-blog
hexo,hexo-theme,hexo-blog
hexo,hexo-theme,hexo-blog
hexo,hexo-theme,hexo-blog
hexo,hexo-theme,hexo-blog
hexo,hexo-theme,hexo-blog
hexo,hexo-theme,hexo-blog
hexo,hexo-theme,hexo-blog
hexo,hexo-theme,hexo-blog
INFO  Generated: content.json
INFO  Generated: 2020/08/11/通过Apache部署gitbook静态网页/index.html
INFO  Generated: 2020/08/11/gitbook的搭建/index.html
INFO  Generated: 2020/07/30/hello-world/index.html
INFO  Generated: archives/index.html
INFO  Generated: archives/2020/index.html
INFO  Generated: archives/2020/07/index.html
INFO  Generated: archives/2020/08/index.html
INFO  Generated: index.html
INFO  Generated: tags/hexo/index.html
INFO  Generated: tags/nginx/index.html
INFO  Generated: 2020/08/11/hexo-deployment/index.html
INFO  Deleted: tags/hexo/index.html
INFO  Deleted: tags/nginx/index.html
hexo,hexo-theme,hexo-blog
hexo,hexo-theme,hexo-blog
hexo,hexo-theme,hexo-blog
hexo,hexo-theme,hexo-blog
hexo,hexo-theme,hexo-blog
hexo,hexo-theme,hexo-blog
hexo,hexo-theme,hexo-blog
hexo,hexo-theme,hexo-blog
hexo,hexo-theme,hexo-blog
INFO  Generated: content.json
INFO  Generated: 2020/08/11/hexo-deployment/index.html
INFO  Generated: 2020/08/11/通过Apache部署gitbook静态网页/index.html
INFO  Generated: 2020/08/11/gitbook的搭建/index.html
INFO  Generated: 2020/07/30/hello-world/index.html
INFO  Generated: archives/index.html
INFO  Generated: archives/2020/index.html
INFO  Generated: archives/2020/07/index.html
INFO  Generated: archives/2020/08/index.html
INFO  Generated: index.html
hexo,hexo-theme,hexo-blog
hexo,hexo-theme,hexo-blog
hexo,hexo-theme,hexo-blog
hexo,hexo-theme,hexo-blog
hexo,hexo-theme,hexo-blog
hexo,hexo-theme,hexo-blog
hexo,hexo-theme,hexo-blog
hexo,hexo-theme,hexo-blog
hexo,hexo-theme,hexo-blog
INFO  Generated: content.json
INFO  Generated: 2020/08/11/通过Apache部署gitbook静态网页/index.html
hexo,hexo-theme,hexo-blog
hexo,hexo-theme,hexo-blog
hexo,hexo-theme,hexo-blog
hexo,hexo-theme,hexo-blog
hexo,hexo-theme,hexo-blog
hexo,hexo-theme,hexo-blog
hexo,hexo-theme,hexo-blog
hexo,hexo-theme,hexo-blog
hexo,hexo-theme,hexo-blog
INFO  Generated: content.json
INFO  Generated: 2020/08/11/hexo-deployment/index.html
